<?xml version="1.0" encoding="UTF-8"?>
<testng-results skipped="0" failed="0" ignored="0" total="1" passed="1">
  <reporter-output>
  </reporter-output>
  <suite name="Default suite" duration-ms="73573" started-at="2021-03-19T03:37:17Z" finished-at="2021-03-19T03:38:31Z">
    <groups>
      <group name="cucumber">
        <method signature="TestRunner.feature(cucumber.api.testng.CucumberFeatureWrapper)[pri:0, instance:MyRunner.TestRunner@7fc229ab]" name="feature" class="MyRunner.TestRunner"/>
      </group> <!-- cucumber -->
    </groups>
    <test name="Default test" duration-ms="73573" started-at="2021-03-19T03:37:17Z" finished-at="2021-03-19T03:38:31Z">
      <class name="MyRunner.TestRunner">
        <test-method status="PASS" signature="setUpClass()[pri:0, instance:MyRunner.TestRunner@7fc229ab]" name="setUpClass" is-config="true" duration-ms="1624" started-at="2021-03-19T03:37:18Z" finished-at="2021-03-19T03:37:19Z">
          <reporter-output>
          </reporter-output>
        </test-method> <!-- setUpClass -->
        <test-method status="PASS" signature="feature(cucumber.api.testng.CucumberFeatureWrapper)[pri:0, instance:MyRunner.TestRunner@7fc229ab]" name="feature" duration-ms="70924" started-at="2021-03-19T03:37:20Z" description="Runs Cucumber Feature" data-provider="features" finished-at="2021-03-19T03:38:31Z">
          <params>
            <param index="0">
              <value>
                <![CDATA[Login into EasyTrip]]>
              </value>
            </param>
          </params>
          <reporter-output>
          </reporter-output>
        </test-method> <!-- feature -->
        <test-method status="PASS" signature="tearDownClass()[pri:0, instance:MyRunner.TestRunner@7fc229ab]" name="tearDownClass" is-config="true" duration-ms="28" started-at="2021-03-19T03:38:31Z" finished-at="2021-03-19T03:38:31Z">
          <reporter-output>
          </reporter-output>
        </test-method> <!-- tearDownClass -->
      </class> <!-- MyRunner.TestRunner -->
    </test> <!-- Default test -->
  </suite> <!-- Default suite -->
</testng-results>
